2018-09-10 23:11:19 [scrapy.utils.log] INFO: Scrapy 1.5.1 started (bot: map_spider)
2018-09-10 23:11:19 [scrapy.utils.log] INFO: Versions: lxml 4.2.4.0, libxml2 2.9.5, cssselect 1.0.3, parsel 1.5.0, w3lib 1.19.0, Twisted 18.7.0, Python 3.6.4 (v3.6.4:d48eceb, Dec 19 2017, 06:54:40) [MSC v.1900 64 bit (AMD64)], pyOpenSSL 18.0.0 (OpenSSL 1.1.0i  14 Aug 2018), cryptography 2.3.1, Platform Windows-10-10.0.17134-SP0
2018-09-10 23:11:19 [scrapy.crawler] INFO: Overridden settings: {'BOT_NAME': 'map_spider', 'FEED_FORMAT': 'csv', 'FEED_URI': 'map_info.csv', 'LOG_FILE': 'crawl.log', 'NEWSPIDER_MODULE': 'map_spider.spiders', 'SPIDER_MODULES': ['map_spider.spiders'], 'USER_AGENT': 'Mozilla/5.0 (Windows NT 10.0; Win64; x64) AppleWebKit/537.36 (KHTML, like Gecko) Chrome/67.0.3396.87 Safari/537.36'}
2018-09-10 23:11:19 [scrapy.middleware] INFO: Enabled extensions:
['scrapy.extensions.corestats.CoreStats',
 'scrapy.extensions.telnet.TelnetConsole',
 'scrapy.extensions.feedexport.FeedExporter',
 'scrapy.extensions.logstats.LogStats']
2018-09-10 23:11:20 [scrapy.middleware] INFO: Enabled downloader middlewares:
['scrapy.downloadermiddlewares.httpauth.HttpAuthMiddleware',
 'scrapy.downloadermiddlewares.downloadtimeout.DownloadTimeoutMiddleware',
 'scrapy.downloadermiddlewares.defaultheaders.DefaultHeadersMiddleware',
 'scrapy.downloadermiddlewares.useragent.UserAgentMiddleware',
 'scrapy.downloadermiddlewares.retry.RetryMiddleware',
 'scrapy.downloadermiddlewares.redirect.MetaRefreshMiddleware',
 'scrapy.downloadermiddlewares.httpcompression.HttpCompressionMiddleware',
 'scrapy.downloadermiddlewares.redirect.RedirectMiddleware',
 'scrapy.downloadermiddlewares.cookies.CookiesMiddleware',
 'scrapy.downloadermiddlewares.httpproxy.HttpProxyMiddleware',
 'scrapy.downloadermiddlewares.stats.DownloaderStats']
2018-09-10 23:11:20 [scrapy.middleware] INFO: Enabled spider middlewares:
['scrapy.spidermiddlewares.httperror.HttpErrorMiddleware',
 'scrapy.spidermiddlewares.offsite.OffsiteMiddleware',
 'scrapy.spidermiddlewares.referer.RefererMiddleware',
 'scrapy.spidermiddlewares.urllength.UrlLengthMiddleware',
 'scrapy.spidermiddlewares.depth.DepthMiddleware']
2018-09-10 23:11:20 [scrapy.middleware] INFO: Enabled item pipelines:
[]
2018-09-10 23:11:20 [scrapy.core.engine] INFO: Spider opened
2018-09-10 23:11:20 [scrapy.extensions.logstats] INFO: Crawled 0 pages (at 0 pages/min), scraped 0 items (at 0 items/min)
2018-09-10 23:11:20 [scrapy.extensions.telnet] DEBUG: Telnet console listening on 127.0.0.1:6023
2018-09-10 23:11:20 [scrapy.core.engine] DEBUG: Crawled (200) <GET https://www.estate.unsw.edu.au/maps/maps.html> (referer: None)
2018-09-10 23:11:20 [scrapy.core.scraper] DEBUG: Scraped from <200 https://www.estate.unsw.edu.au/maps/maps.html>
{'campus_name': 'Kensington campus',
 'location': 'Kensington',
 'pdf_name': ['Campus Map',
              'Accessibility Parking & Toilets Ma',
              'Bicycle Rack & Shower Map',
              'Campus Parking Map',
              'Defibrillator Locations',
              'Parent Facilities'],
 'pdf_url': ['http://www.facilities.unsw.edu.au/maps/KensingtonCampus',
             'http://fmtoolbox.unsw.edu.au/comms/KensingtonAccessibility.pdf',
             'http://fmtoolbox.unsw.edu.au/comms/Kensington_BikeRacksShowers.pdf',
             'http://fmtoolbox.unsw.edu.au/comms/KensingtonParking.pdf',
             'http://www.facilities.unsw.edu.au/maps/KensingtonDefib',
             'http://fmtoolbox.unsw.edu.au/comms/KensingtonParents.pdf']}
2018-09-10 23:11:20 [scrapy.core.scraper] DEBUG: Scraped from <200 https://www.estate.unsw.edu.au/maps/maps.html>
{'campus_name': 'CBD Campus',
 'location': '1 O’Connell Street Level 6 & 7 Sydney NSW 2000 ',
 'pdf_name': 'Campus page',
 'pdf_url': 'http://www.estate.unsw.edu.au/maps/maps.html/cbd-oconnell-st-campus'}
2018-09-10 23:11:20 [scrapy.core.scraper] DEBUG: Scraped from <200 https://www.estate.unsw.edu.au/maps/maps.html>
{'campus_name': 'CBD Campus',
 'location': '320 Pitt Street Telstra Building Level 14 & 28 Sydney NSW 2000 ',
 'pdf_name': 'Campus page',
 'pdf_url': 'http://www.estate.unsw.edu.au/node/893'}
2018-09-10 23:11:20 [scrapy.core.scraper] DEBUG: Scraped from <200 https://www.estate.unsw.edu.au/maps/maps.html>
{'campus_name': 'Paddington',
 'location': 'Paddington',
 'pdf_name': 'Campus Map',
 'pdf_url': 'http://www.facilities.unsw.edu.au/maps/PaddingtonCampus'}
2018-09-10 23:11:20 [scrapy.core.scraper] DEBUG: Scraped from <200 https://www.estate.unsw.edu.au/maps/maps.html>
{'campus_name': 'Randwick Campus',
 'location': 'Randwick',
 'pdf_name': 'Campus Map',
 'pdf_url': 'http://fmtoolbox.unsw.edu.au/comms/RandwickCampus.pdf'}
2018-09-10 23:11:20 [scrapy.core.scraper] DEBUG: Scraped from <200 https://www.estate.unsw.edu.au/maps/maps.html>
{'campus_name': 'Cliffbrook Campus',
 'location': 'Coogee',
 'pdf_name': 'Campus Map',
 'pdf_url': 'http://fmtoolbox.unsw.edu.au/comms/CliffbrookCampus.pdf'}
2018-09-10 23:11:20 [scrapy.core.scraper] DEBUG: Scraped from <200 https://www.estate.unsw.edu.au/maps/maps.html>
{'campus_name': 'David Phillips Field',
 'location': 'Daceyville',
 'pdf_name': 'Campus Map',
 'pdf_url': 'http://fmtoolbox.unsw.edu.au/comms/DavidPhillipsSportsField.pdf'}
2018-09-10 23:11:20 [scrapy.core.scraper] DEBUG: Scraped from <200 https://www.estate.unsw.edu.au/maps/maps.html>
{'campus_name': 'Manly Vale Campus',
 'location': 'Manly Vale',
 'pdf_name': 'Campus Map',
 'pdf_url': 'http://fmtoolbox.unsw.edu.au/comms/ManlyValeCampus.pdf'}
2018-09-10 23:11:20 [scrapy.core.scraper] DEBUG: Scraped from <200 https://www.estate.unsw.edu.au/maps/maps.html>
{'campus_name': 'UNSW Canberra',
 'location': 'Canberra',
 'pdf_name': 'Campus Map & Contacts',
 'pdf_url': 'https://unsw.adfa.edu.au/about-us/our-campus/contacts'}
2018-09-10 23:11:20 [scrapy.core.engine] INFO: Closing spider (finished)
2018-09-10 23:11:20 [scrapy.extensions.feedexport] INFO: Stored csv feed (9 items) in: map_info.csv
2018-09-10 23:11:20 [scrapy.statscollectors] INFO: Dumping Scrapy stats:
{'downloader/request_bytes': 315,
 'downloader/request_count': 1,
 'downloader/request_method_count/GET': 1,
 'downloader/response_bytes': 26128,
 'downloader/response_count': 1,
 'downloader/response_status_count/200': 1,
 'finish_reason': 'finished',
 'finish_time': datetime.datetime(2018, 9, 10, 13, 11, 20, 811611),
 'item_scraped_count': 9,
 'log_count/DEBUG': 11,
 'log_count/INFO': 8,
 'response_received_count': 1,
 'scheduler/dequeued': 1,
 'scheduler/dequeued/memory': 1,
 'scheduler/enqueued': 1,
 'scheduler/enqueued/memory': 1,
 'start_time': datetime.datetime(2018, 9, 10, 13, 11, 20, 162687)}
2018-09-10 23:11:20 [scrapy.core.engine] INFO: Spider closed (finished)
